<?xml version="1.0" encoding="UTF-8"?>
<!-- Generated by org.testng.reporters.JUnitXMLReporter -->
<testsuite hostname="DAWN" ignored="0" name="Count Flight with different Filters" tests="3" failures="0" timestamp="24 Apr 2019 02:50:36 GMT" time="20.724" errors="0">
  <testcase name="NoFilterFlightCounts" time="7.416" classname="challenge2.mmt.tests.FlightCounts"/>
  <testcase name="NoStopsFlightCount" time="7.588" classname="challenge2.mmt.tests.FlightCounts"/>
  <testcase name="OnStopFlightCount" time="5.706" classname="challenge2.mmt.tests.FlightCounts"/>
</testsuite> <!-- Count Flight with different Filters -->
