<?xml version="1.0" encoding="UTF-8"?>
<!-- Generated by org.testng.reporters.JUnitXMLReporter -->
<testsuite hostname="DAWN" ignored="0" name="Validate Flight Prices" tests="3" failures="0" timestamp="24 Apr 2019 02:51:02 GMT" time="26.356" errors="0">
  <testcase name="FlightPrice" time="5.966" classname="challenge2.mmt.tests.FlightPrices"/>
  <testcase name="FlightPrice" time="5.358" classname="challenge2.mmt.tests.FlightPrices"/>
  <testcase name="FlightPrice" time="5.818" classname="challenge2.mmt.tests.FlightPrices"/>
</testsuite> <!-- Validate Flight Prices -->
