<?xml version="1.0" encoding="UTF-8"?>
<!-- Generated by org.testng.reporters.JUnitXMLReporter -->
<testsuite hostname="DAWN" ignored="0" name="Count Flight with different Filters" tests="3" failures="0" timestamp="23 Apr 2019 15:16:26 GMT" time="22.76" errors="0">
  <testcase name="NoFilterFlightCounts" time="10.961" classname="challenge2.mmt.tests.FlightCounts"/>
  <testcase name="NoStopsFlightCount" time="7.988" classname="challenge2.mmt.tests.FlightCounts"/>
  <testcase name="OnStopFlightCount" time="3.76" classname="challenge2.mmt.tests.FlightCounts"/>
</testsuite> <!-- Count Flight with different Filters -->
