<?xml version="1.0" encoding="UTF-8"?>
<!-- Generated by org.testng.reporters.JUnitXMLReporter -->
<testsuite hostname="DAWN" ignored="0" name="Selenium Coding challenge Part2- Naveen Automation Labs2" tests="1" failures="0" timestamp="23 Apr 2019 15:04:40 GMT" time="0.345" errors="0">
  <testcase name="FlightPrice" time="0.0" classname="challenge2.mmt.tests.FlightPrices">
    <skipped/>
  </testcase> <!-- FlightPrice -->
</testsuite> <!-- Selenium Coding challenge Part2- Naveen Automation Labs2 -->
