<?xml version="1.0" encoding="UTF-8"?>
<!-- Generated by org.testng.reporters.JUnitXMLReporter -->
<testsuite hostname="DAWN" ignored="0" name="Selenium Coding challenge Part2- Naveen Automation Labs" tests="4" failures="0" timestamp="23 Apr 2019 14:31:00 GMT" time="80.306" errors="0">
  <testcase name="searchFlights" time="45.171" classname="challenge2.mmt.tests.SearchFlightTest"/>
  <testcase name="NoFilterFlightCounts" time="6.712" classname="challenge2.mmt.tests.FlightCounts"/>
  <testcase name="NoStopsFlightCount" time="5.205" classname="challenge2.mmt.tests.FlightCounts"/>
  <testcase name="OnStopFlightCount" time="23.036" classname="challenge2.mmt.tests.FlightCounts"/>
</testsuite> <!-- Selenium Coding challenge Part2- Naveen Automation Labs -->
