<?xml version="1.0" encoding="UTF-8"?>
<!-- Generated by org.testng.reporters.JUnitXMLReporter -->
<testsuite hostname="DAWN" ignored="0" name="Selenium Coding challenge Part2- Naveen Automation Labs2" tests="3" failures="0" timestamp="23 Apr 2019 14:31:15 GMT" time="15.114" errors="0">
  <testcase name="FlightPrices" time="4.483" classname="challenge2.mmt.tests.FlightPrices"/>
  <testcase name="FlightPrices" time="4.292" classname="challenge2.mmt.tests.FlightPrices"/>
  <testcase name="FlightPrices" time="4.494" classname="challenge2.mmt.tests.FlightPrices"/>
</testsuite> <!-- Selenium Coding challenge Part2- Naveen Automation Labs2 -->
