<?xml version="1.0" encoding="UTF-8"?>
<!-- Generated by org.testng.reporters.JUnitXMLReporter -->
<testsuite hostname="DAWN" ignored="0" name="Validate Flight Prices" tests="3" failures="0" timestamp="23 Apr 2019 15:16:48 GMT" time="21.686" errors="0">
  <testcase name="FlightPrice" time="5.584" classname="challenge2.mmt.tests.FlightPrices"/>
  <testcase name="FlightPrice" time="6.372" classname="challenge2.mmt.tests.FlightPrices"/>
  <testcase name="FlightPrice" time="5.643" classname="challenge2.mmt.tests.FlightPrices"/>
</testsuite> <!-- Validate Flight Prices -->
