<?xml version="1.0" encoding="UTF-8"?>
<testsuite name="TestSuite" time="45.022" tests="7" errors="0" skipped="0" failures="0">
  <properties>
[...]
</properties>
  <testcase name="searchFlights" classname="challenge2.mmt.tests.SearchFlightTest" time="18.344"/>
  <testcase name="NoFilterFlightCounts" classname="challenge2.mmt.tests.FlightCounts" time="7.417"/>
  <testcase name="NoStopsFlightCount" classname="challenge2.mmt.tests.FlightCounts" time="7.588"/>
  <testcase name="OnStopFlightCount" classname="challenge2.mmt.tests.FlightCounts" time="5.707"/>
  <testcase name="FlightPrice" classname="challenge2.mmt.tests.FlightPrices" time="5.966"/>
  <testcase name="FlightPrice" classname="challenge2.mmt.tests.FlightPrices" time="5.358"/>
  <testcase name="FlightPrice" classname="challenge2.mmt.tests.FlightPrices" time="5.819"/>
</testsuite>